<?xml version="1.0" encoding="UTF-8"?>
<!-- Generated by org.testng.reporters.JUnitReportReporter -->
<testsuite hostname="DESKTOP-QIPPSQH" failures="0" tests="3" name="com.test.TestNgBasics" time="0.031" errors="0" timestamp="2021-06-15T13:42:51 IST" skipped="0">
  <testcase classname="com.test.TestNgBasics" name="searchTest" time="0.007"/>
  <system-out/>
  <testcase classname="com.test.TestNgBasics" name="googleLogoTest" time="0.015"/>
  <system-out/>
  <testcase classname="com.test.TestNgBasics" name="googleTitleTest" time="0.009"/>
  <system-out/>
</testsuite> <!-- com.test.TestNgBasics -->
