<?xml version="1.0" encoding="UTF-8"?>
<!-- Generated by org.testng.reporters.JUnitReportReporter -->
<testsuite hostname="DESKTOP-QIPPSQH" failures="0" tests="1" name="AutomationPackage.SetUpBrowser" time="12.456" errors="0" timestamp="2021-06-11T03:35:00 IST" skipped="0">
  <testcase classname="AutomationPackage.SetUpBrowser" name="setUpBrowser" time="12.456"/>
  <system-out/>
</testsuite> <!-- AutomationPackage.SetUpBrowser -->
