<?xml version="1.0" encoding="UTF-8"?>
<!-- Generated by org.testng.reporters.JUnitReportReporter -->
<testsuite hostname="DESKTOP-QIPPSQH" failures="0" tests="1" name="AutomationPackage.CheckMouseHover$CheckTitle" time="4.949" errors="0" timestamp="2021-07-30T02:30:11 IST" skipped="0">
  <testcase classname="AutomationPackage.CheckMouseHover$CheckTitle" name="setUpBrowser" time="4.949"/>
  <system-out/>
</testsuite> <!-- AutomationPackage.CheckMouseHover$CheckTitle -->
