<?xml version="1.0" encoding="UTF-8"?>
<!-- Generated by org.testng.reporters.JUnitReportReporter -->
<testsuite hostname="DESKTOP-QIPPSQH" failures="0" tests="1" name="com.test.GoogleTest" time="5.499" errors="0" timestamp="2021-06-15T14:03:25 IST" skipped="0">
  <testcase classname="com.test.GoogleTest" name="googleTitleTest" time="5.499"/>
  <system-out/>
</testsuite> <!-- com.test.GoogleTest -->
