<?xml version="1.0" encoding="UTF-8"?>
<!-- Generated by org.testng.reporters.JUnitReportReporter -->
<testsuite hostname="DESKTOP-QIPPSQH" failures="0" tests="1" name="AutomationPackage.CheckTitle" time="10.791" errors="0" timestamp="2021-07-26T00:53:00 IST" skipped="0">
  <testcase classname="AutomationPackage.CheckTitle" name="setUpBrowser" time="10.791"/>
  <system-out/>
</testsuite> <!-- AutomationPackage.CheckTitle -->
